<?xml version="1.0" encoding="UTF-8" ?>
<testsuite tests="4" failures="0" name="DbCallsTest" time="0.411" errors="4" skipped="0">
  <properties>
    <property name="java.runtime.name" value="Java(TM) SE Runtime Environment"/>
    <property name="java.vm.version" value="14.0.1+7"/>
    <property name="sun.boot.library.path" value="/Library/Java/JavaVirtualMachines/jdk-14.0.1.jdk/Contents/Home/lib"/>
    <property name="maven.multiModuleProjectDirectory" value="/Users/tonioshikanlu/Documents/GitHub/step28-2020/Donation-platform"/>
    <property name="java.vm.vendor" value="Oracle Corporation"/>
    <property name="java.vendor.url" value="https://java.oracle.com/"/>
    <property name="guice.disable.misplaced.annotation.check" value="true"/>
    <property name="path.separator" value=":"/>
    <property name="java.vm.name" value="Java HotSpot(TM) 64-Bit Server VM"/>
    <property name="user.country" value="US"/>
    <property name="sun.java.launcher" value="SUN_STANDARD"/>
    <property name="java.vm.specification.name" value="Java Virtual Machine Specification"/>
    <property name="user.dir" value="/Users/tonioshikanlu/Documents/GitHub/step28-2020/Donation-platform"/>
    <property name="java.vm.compressedOopsMode" value="Zero based"/>
    <property name="java.runtime.version" value="14.0.1+7"/>
    <property name="os.arch" value="x86_64"/>
    <property name="java.io.tmpdir" value="/var/folders/_t/grn5x09j4hv1g400s9n3t2w800mq4h/T/"/>
    <property name="line.separator" value="
"/>
    <property name="java.vm.specification.vendor" value="Oracle Corporation"/>
    <property name="os.name" value="Mac OS X"/>
    <property name="classworlds.conf" value="/Users/tonioshikanlu/Downloads/apache-maven-3.6.3/bin/m2.conf"/>
    <property name="sun.jnu.encoding" value="UTF-8"/>
    <property name="java.library.path" value="/Users/tonioshikanlu/Library/Java/Extensions:/Library/Java/Extensions:/Network/Library/Java/Extensions:/System/Library/Java/Extensions:/usr/lib/java:."/>
    <property name="maven.conf" value="/Users/tonioshikanlu/Downloads/apache-maven-3.6.3/conf"/>
    <property name="jdk.debug" value="release"/>
    <property name="java.class.version" value="58.0"/>
    <property name="java.specification.name" value="Java Platform API Specification"/>
    <property name="sun.management.compiler" value="HotSpot 64-Bit Tiered Compilers"/>
    <property name="os.version" value="10.15.5"/>
    <property name="library.jansi.path" value="/Users/tonioshikanlu/Downloads/apache-maven-3.6.3/lib/jansi-native"/>
    <property name="http.nonProxyHosts" value="local|*.local|169.254/16|*.169.254/16"/>
    <property name="user.home" value="/Users/tonioshikanlu"/>
    <property name="user.timezone" value="America/New_York"/>
    <property name="file.encoding" value="UTF-8"/>
    <property name="java.specification.version" value="14"/>
    <property name="user.name" value="tonioshikanlu"/>
    <property name="java.class.path" value="/Users/tonioshikanlu/Downloads/apache-maven-3.6.3/boot/plexus-classworlds-2.6.0.jar"/>
    <property name="java.vm.specification.version" value="14"/>
    <property name="sun.arch.data.model" value="64"/>
    <property name="sun.java.command" value="org.codehaus.plexus.classworlds.launcher.Launcher test"/>
    <property name="java.home" value="/Library/Java/JavaVirtualMachines/jdk-14.0.1.jdk/Contents/Home"/>
    <property name="user.language" value="en"/>
    <property name="java.specification.vendor" value="Oracle Corporation"/>
    <property name="java.vm.info" value="mixed mode, sharing"/>
    <property name="java.version" value="14.0.1"/>
    <property name="java.vendor" value="Oracle Corporation"/>
    <property name="maven.home" value="/Users/tonioshikanlu/Downloads/apache-maven-3.6.3"/>
    <property name="file.separator" value="/"/>
    <property name="java.version.date" value="2020-04-14"/>
    <property name="java.vendor.url.bug" value="https://bugreport.java.com/bugreport/"/>
    <property name="sun.io.unicode.encoding" value="UnicodeBig"/>
    <property name="sun.cpu.endian" value="little"/>
    <property name="socksNonProxyHosts" value="local|*.local|169.254/16|*.169.254/16"/>
    <property name="ftp.nonProxyHosts" value="local|*.local|169.254/16|*.169.254/16"/>
  </properties>
  <testcase classname="DbCallsTest" name="testInsert1" time="0.205">
    <error message="sun/misc/Service" type="java.lang.NoClassDefFoundError">java.lang.NoClassDefFoundError: sun/misc/Service
	at com.google.appengine.tools.development.ApiProxyLocalImpl.startServices(ApiProxyLocalImpl.java:460)
	at com.google.appengine.tools.development.ApiProxyLocalImpl.access$600(ApiProxyLocalImpl.java:44)
	at com.google.appengine.tools.development.ApiProxyLocalImpl$1.run(ApiProxyLocalImpl.java:448)
	at com.google.appengine.tools.development.ApiProxyLocalImpl$1.run(ApiProxyLocalImpl.java:446)
	at java.base/java.security.AccessController.doPrivileged(AccessController.java:312)
	at com.google.appengine.tools.development.ApiProxyLocalImpl.getService(ApiProxyLocalImpl.java:445)
	at com.google.appengine.tools.development.ApiProxyLocalImpl$AsyncApiCall.callInternal(ApiProxyLocalImpl.java:361)
	at com.google.appengine.tools.development.ApiProxyLocalImpl$AsyncApiCall.call(ApiProxyLocalImpl.java:353)
	at com.google.appengine.tools.development.ApiProxyLocalImpl$AsyncApiCall.call(ApiProxyLocalImpl.java:332)
	at java.base/java.util.concurrent.Executors$PrivilegedCallable$1.run(Executors.java:540)
	at java.base/java.security.AccessController.doPrivileged(AccessController.java:691)
	at java.base/java.util.concurrent.Executors$PrivilegedCallable.call(Executors.java:537)
	at java.base/java.util.concurrent.FutureTask.run(FutureTask.java:264)
	at java.base/java.util.concurrent.ThreadPoolExecutor.runWorker(ThreadPoolExecutor.java:1130)
	at java.base/java.util.concurrent.ThreadPoolExecutor$Worker.run(ThreadPoolExecutor.java:630)
	at java.base/java.lang.Thread.run(Thread.java:832)
Caused by: java.lang.ClassNotFoundException: sun.misc.Service
	at java.base/jdk.internal.loader.BuiltinClassLoader.loadClass(BuiltinClassLoader.java:602)
	at java.base/jdk.internal.loader.ClassLoaders$AppClassLoader.loadClass(ClassLoaders.java:178)
	at java.base/java.lang.ClassLoader.loadClass(ClassLoader.java:522)
	... 16 more
</error>
  </testcase>
  <testcase classname="DbCallsTest" name="testInsert1" time="0.205">
    <error message="sun/misc/Service" type="java.lang.NoClassDefFoundError">java.lang.NoClassDefFoundError: sun/misc/Service
	at com.google.appengine.tools.development.ApiProxyLocalImpl.startServices(ApiProxyLocalImpl.java:460)
	at com.google.appengine.tools.development.ApiProxyLocalImpl.access$600(ApiProxyLocalImpl.java:44)
	at com.google.appengine.tools.development.ApiProxyLocalImpl$1.run(ApiProxyLocalImpl.java:448)
	at com.google.appengine.tools.development.ApiProxyLocalImpl$1.run(ApiProxyLocalImpl.java:446)
	at java.base/java.security.AccessController.doPrivileged(AccessController.java:312)
	at com.google.appengine.tools.development.ApiProxyLocalImpl.getService(ApiProxyLocalImpl.java:445)
	at com.google.appengine.tools.development.testing.LocalServiceTestHelper.getLocalService(LocalServiceTestHelper.java:300)
	at com.google.appengine.tools.development.testing.LocalDatastoreServiceTestConfig.getLocalDatastoreService(LocalDatastoreServiceTestConfig.java:142)
	at com.google.appengine.tools.development.testing.LocalDatastoreServiceTestConfig.tearDown(LocalDatastoreServiceTestConfig.java:137)
	at com.google.appengine.tools.development.testing.LocalServiceTestHelper.tearDown(LocalServiceTestHelper.java:262)
	at DbCallsTest.tearDown(DbCallsTest.java:101)
	at java.base/jdk.internal.reflect.NativeMethodAccessorImpl.invoke0(Native Method)
	at java.base/jdk.internal.reflect.NativeMethodAccessorImpl.invoke(NativeMethodAccessorImpl.java:62)
	at java.base/jdk.internal.reflect.DelegatingMethodAccessorImpl.invoke(DelegatingMethodAccessorImpl.java:43)
	at java.base/java.lang.reflect.Method.invoke(Method.java:564)
	at org.junit.runners.model.FrameworkMethod$1.runReflectiveCall(FrameworkMethod.java:50)
	at org.junit.internal.runners.model.ReflectiveCallable.run(ReflectiveCallable.java:12)
	at org.junit.runners.model.FrameworkMethod.invokeExplosively(FrameworkMethod.java:47)
	at org.junit.internal.runners.statements.RunAfters.evaluate(RunAfters.java:33)
	at org.junit.runners.ParentRunner.runLeaf(ParentRunner.java:325)
	at org.junit.runners.BlockJUnit4ClassRunner.runChild(BlockJUnit4ClassRunner.java:78)
	at org.junit.runners.BlockJUnit4ClassRunner.runChild(BlockJUnit4ClassRunner.java:57)
	at org.junit.runners.ParentRunner$3.run(ParentRunner.java:290)
	at org.junit.runners.ParentRunner$1.schedule(ParentRunner.java:71)
	at org.junit.runners.ParentRunner.runChildren(ParentRunner.java:288)
	at org.junit.runners.ParentRunner.access$000(ParentRunner.java:58)
	at org.junit.runners.ParentRunner$2.evaluate(ParentRunner.java:268)
	at org.junit.runners.ParentRunner.run(ParentRunner.java:363)
	at org.apache.maven.surefire.junit4.JUnit4Provider.execute(JUnit4Provider.java:252)
	at org.apache.maven.surefire.junit4.JUnit4Provider.executeTestSet(JUnit4Provider.java:141)
	at org.apache.maven.surefire.junit4.JUnit4Provider.invoke(JUnit4Provider.java:112)
	at java.base/jdk.internal.reflect.NativeMethodAccessorImpl.invoke0(Native Method)
	at java.base/jdk.internal.reflect.NativeMethodAccessorImpl.invoke(NativeMethodAccessorImpl.java:62)
	at java.base/jdk.internal.reflect.DelegatingMethodAccessorImpl.invoke(DelegatingMethodAccessorImpl.java:43)
	at java.base/java.lang.reflect.Method.invoke(Method.java:564)
	at org.apache.maven.surefire.util.ReflectionUtils.invokeMethodWithArray(ReflectionUtils.java:189)
	at org.apache.maven.surefire.booter.ProviderFactory$ProviderProxy.invoke(ProviderFactory.java:165)
	at org.apache.maven.surefire.booter.ProviderFactory.invokeProvider(ProviderFactory.java:85)
	at org.apache.maven.surefire.booter.ForkedBooter.runSuitesInProcess(ForkedBooter.java:115)
	at org.apache.maven.surefire.booter.ForkedBooter.main(ForkedBooter.java:75)
</error>
  </testcase>
  <testcase classname="DbCallsTest" name="testInsert2" time="0">
    <error message="sun/misc/Service" type="java.lang.NoClassDefFoundError">java.lang.NoClassDefFoundError: sun/misc/Service
	at com.google.appengine.tools.development.ApiProxyLocalImpl.startServices(ApiProxyLocalImpl.java:460)
	at com.google.appengine.tools.development.ApiProxyLocalImpl.access$600(ApiProxyLocalImpl.java:44)
	at com.google.appengine.tools.development.ApiProxyLocalImpl$1.run(ApiProxyLocalImpl.java:448)
	at com.google.appengine.tools.development.ApiProxyLocalImpl$1.run(ApiProxyLocalImpl.java:446)
	at java.base/java.security.AccessController.doPrivileged(AccessController.java:312)
	at com.google.appengine.tools.development.ApiProxyLocalImpl.getService(ApiProxyLocalImpl.java:445)
	at com.google.appengine.tools.development.ApiProxyLocalImpl$AsyncApiCall.callInternal(ApiProxyLocalImpl.java:361)
	at com.google.appengine.tools.development.ApiProxyLocalImpl$AsyncApiCall.call(ApiProxyLocalImpl.java:353)
	at com.google.appengine.tools.development.ApiProxyLocalImpl$AsyncApiCall.call(ApiProxyLocalImpl.java:332)
	at java.base/java.util.concurrent.Executors$PrivilegedCallable$1.run(Executors.java:540)
	at java.base/java.security.AccessController.doPrivileged(AccessController.java:691)
	at java.base/java.util.concurrent.Executors$PrivilegedCallable.call(Executors.java:537)
	at java.base/java.util.concurrent.FutureTask.run(FutureTask.java:264)
	at java.base/java.util.concurrent.ThreadPoolExecutor.runWorker(ThreadPoolExecutor.java:1130)
	at java.base/java.util.concurrent.ThreadPoolExecutor$Worker.run(ThreadPoolExecutor.java:630)
	at java.base/java.lang.Thread.run(Thread.java:832)
</error>
  </testcase>
  <testcase classname="DbCallsTest" name="testInsert2" time="0.001">
    <error message="sun/misc/Service" type="java.lang.NoClassDefFoundError">java.lang.NoClassDefFoundError: sun/misc/Service
	at com.google.appengine.tools.development.ApiProxyLocalImpl.startServices(ApiProxyLocalImpl.java:460)
	at com.google.appengine.tools.development.ApiProxyLocalImpl.access$600(ApiProxyLocalImpl.java:44)
	at com.google.appengine.tools.development.ApiProxyLocalImpl$1.run(ApiProxyLocalImpl.java:448)
	at com.google.appengine.tools.development.ApiProxyLocalImpl$1.run(ApiProxyLocalImpl.java:446)
	at java.base/java.security.AccessController.doPrivileged(AccessController.java:312)
	at com.google.appengine.tools.development.ApiProxyLocalImpl.getService(ApiProxyLocalImpl.java:445)
	at com.google.appengine.tools.development.testing.LocalServiceTestHelper.getLocalService(LocalServiceTestHelper.java:300)
	at com.google.appengine.tools.development.testing.LocalDatastoreServiceTestConfig.getLocalDatastoreService(LocalDatastoreServiceTestConfig.java:142)
	at com.google.appengine.tools.development.testing.LocalDatastoreServiceTestConfig.tearDown(LocalDatastoreServiceTestConfig.java:137)
	at com.google.appengine.tools.development.testing.LocalServiceTestHelper.tearDown(LocalServiceTestHelper.java:262)
	at DbCallsTest.tearDown(DbCallsTest.java:101)
	at java.base/jdk.internal.reflect.NativeMethodAccessorImpl.invoke0(Native Method)
	at java.base/jdk.internal.reflect.NativeMethodAccessorImpl.invoke(NativeMethodAccessorImpl.java:62)
	at java.base/jdk.internal.reflect.DelegatingMethodAccessorImpl.invoke(DelegatingMethodAccessorImpl.java:43)
	at java.base/java.lang.reflect.Method.invoke(Method.java:564)
	at org.junit.runners.model.FrameworkMethod$1.runReflectiveCall(FrameworkMethod.java:50)
	at org.junit.internal.runners.model.ReflectiveCallable.run(ReflectiveCallable.java:12)
	at org.junit.runners.model.FrameworkMethod.invokeExplosively(FrameworkMethod.java:47)
	at org.junit.internal.runners.statements.RunAfters.evaluate(RunAfters.java:33)
	at org.junit.runners.ParentRunner.runLeaf(ParentRunner.java:325)
	at org.junit.runners.BlockJUnit4ClassRunner.runChild(BlockJUnit4ClassRunner.java:78)
	at org.junit.runners.BlockJUnit4ClassRunner.runChild(BlockJUnit4ClassRunner.java:57)
	at org.junit.runners.ParentRunner$3.run(ParentRunner.java:290)
	at org.junit.runners.ParentRunner$1.schedule(ParentRunner.java:71)
	at org.junit.runners.ParentRunner.runChildren(ParentRunner.java:288)
	at org.junit.runners.ParentRunner.access$000(ParentRunner.java:58)
	at org.junit.runners.ParentRunner$2.evaluate(ParentRunner.java:268)
	at org.junit.runners.ParentRunner.run(ParentRunner.java:363)
	at org.apache.maven.surefire.junit4.JUnit4Provider.execute(JUnit4Provider.java:252)
	at org.apache.maven.surefire.junit4.JUnit4Provider.executeTestSet(JUnit4Provider.java:141)
	at org.apache.maven.surefire.junit4.JUnit4Provider.invoke(JUnit4Provider.java:112)
	at java.base/jdk.internal.reflect.NativeMethodAccessorImpl.invoke0(Native Method)
	at java.base/jdk.internal.reflect.NativeMethodAccessorImpl.invoke(NativeMethodAccessorImpl.java:62)
	at java.base/jdk.internal.reflect.DelegatingMethodAccessorImpl.invoke(DelegatingMethodAccessorImpl.java:43)
	at java.base/java.lang.reflect.Method.invoke(Method.java:564)
	at org.apache.maven.surefire.util.ReflectionUtils.invokeMethodWithArray(ReflectionUtils.java:189)
	at org.apache.maven.surefire.booter.ProviderFactory$ProviderProxy.invoke(ProviderFactory.java:165)
	at org.apache.maven.surefire.booter.ProviderFactory.invokeProvider(ProviderFactory.java:85)
	at org.apache.maven.surefire.booter.ForkedBooter.runSuitesInProcess(ForkedBooter.java:115)
	at org.apache.maven.surefire.booter.ForkedBooter.main(ForkedBooter.java:75)
</error>
  </testcase>
</testsuite>